<?xml version="1.0" encoding="UTF-8"?>
<testng-results ignored="0" total="1" passed="1" failed="0" skipped="0">
  <reporter-output>
  </reporter-output>
  <suite started-at="2026-06-01T11:42:54 IST" name="Default suite" finished-at="2026-06-01T11:43:00 IST" duration-ms="6112">
    <groups>
    </groups>
    <test started-at="2026-06-01T11:42:54 IST" name="Default test" finished-at="2026-06-01T11:43:00 IST" duration-ms="6112">
      <class name="testScripts.LoginTest">
        <test-method is-config="true" signature="browserLaunch()[pri:0, instance:testScripts.LoginTest@18078bef]" started-at="2026-06-01T11:42:54 IST" name="browserLaunch" finished-at="2026-06-01T11:42:58 IST" duration-ms="4011" status="PASS">
          <reporter-output>
          </reporter-output>
        </test-method> <!-- browserLaunch -->
        <test-method signature="verifyUserLoginWithValidCredentials()[pri:0, instance:testScripts.LoginTest@18078bef]" started-at="2026-06-01T11:42:58 IST" name="verifyUserLoginWithValidCredentials" finished-at="2026-06-01T11:43:00 IST" duration-ms="2022" status="PASS">
          <reporter-output>
          </reporter-output>
        </test-method> <!-- verifyUserLoginWithValidCredentials -->
        <test-method is-config="true" signature="browserQuit()[pri:0, instance:testScripts.LoginTest@18078bef]" started-at="2026-06-01T11:43:00 IST" name="browserQuit" finished-at="2026-06-01T11:43:00 IST" duration-ms="2" status="PASS">
          <reporter-output>
          </reporter-output>
        </test-method> <!-- browserQuit -->
      </class> <!-- testScripts.LoginTest -->
    </test> <!-- Default test -->
  </suite> <!-- Default suite -->
</testng-results>
